{"level":"info","message":"Listening on port 3000...","timestamp":"2022-02-27T13:00:34.024Z"}
{"level":"info","message":"Connected to mongodb://localhost/vidly...","timestamp":"2022-02-27T13:00:34.042Z"}
{"level":"info","message":"Listening on port 3000...","timestamp":"2022-02-27T15:20:52.252Z"}
{"level":"info","message":"Connected to mongodb://localhost/vidly...","timestamp":"2022-02-27T15:20:52.280Z"}
{"level":"info","message":"Listening on port 3000...","timestamp":"2022-04-01T09:35:44.059Z"}
{"level":"info","message":"Connected to mongodb://localhost/vidly...","timestamp":"2022-04-01T09:35:44.143Z"}
{"level":"info","message":"Listening on port 3000...","timestamp":"2022-04-04T06:05:23.701Z"}
{"level":"info","message":"Connected to mongodb://localhost/vidly...","timestamp":"2022-04-04T06:05:23.736Z"}
{"level":"info","message":"Listening on port 3000...","timestamp":"2022-04-04T06:17:31.990Z"}
{"level":"info","message":"Connected to mongodb://localhost/vidly...","timestamp":"2022-04-04T06:17:32.008Z"}
{"level":"info","message":"Listening on port 3000...","timestamp":"2022-04-04T08:41:26.998Z"}
{"level":"info","message":"Connected to mongodb://localhost/vidly...","timestamp":"2022-04-04T08:41:27.016Z"}
{"level":"info","message":"Listening on port 3000...","timestamp":"2022-04-04T08:57:34.851Z"}
{"level":"info","message":"Connected to mongodb://localhost/vidly...","timestamp":"2022-04-04T08:57:34.899Z"}
{"level":"info","message":"Listening on port 3000...","timestamp":"2022-04-04T09:19:36.581Z"}
{"level":"info","message":"Connected to mongodb://localhost/vidly...","timestamp":"2022-04-04T09:19:36.600Z"}
{"level":"info","message":"Listening on port 3000...","timestamp":"2022-04-06T10:40:50.455Z"}
{"level":"info","message":"Listening on port 3000...","timestamp":"2022-04-06T10:43:18.054Z"}
{"level":"info","message":"Connected to mongodb://localhost/vidly...","timestamp":"2022-04-06T10:43:18.072Z"}
{"level":"info","message":"Listening on port 3000...","timestamp":"2022-04-06T10:48:42.733Z"}
{"level":"info","message":"Connected to mongodb://localhost/vidly...","timestamp":"2022-04-06T10:48:42.751Z"}
{"level":"info","message":"Listening on port 3000...","timestamp":"2022-04-06T16:38:28.511Z"}
{"level":"info","message":"Connected to mongodb://localhost/vidly...","timestamp":"2022-04-06T16:38:28.537Z"}
{"level":"info","message":"Listening on port 3000...","timestamp":"2022-04-06T17:00:13.212Z"}
{"level":"info","message":"Connected to mongodb://localhost/vidly...","timestamp":"2022-04-06T17:00:13.252Z"}
{"message":"Cast to ObjectId failed for value \"624dc6f4891aa341806569873\" (type string) at path \"_id\" for model \"Movies\"","stack":"CastError: Cast to ObjectId failed for value \"624dc6f4891aa341806569873\" (type string) at path \"_id\" for model \"Movies\"\n    at model.Query.exec (D:\\Demo\\vidly-api-node\\node_modules\\mongoose\\lib\\query.js:4498:21)\n    at model.Query.Query.then (D:\\Demo\\vidly-api-node\\node_modules\\mongoose\\lib\\query.js:4592:15)\n    at processTicksAndRejections (node:internal/process/task_queues:96:5)","stringValue":"\"624dc6f4891aa341806569873\"","kind":"ObjectId","value":"624dc6f4891aa341806569873","path":"_id","reason":{},"valueType":"string","level":"error","timestamp":"2022-04-06T17:18:03.184Z"}
{"message":"Cast to ObjectId failed for value \"624dc6f4891aa3418065698732\" (type string) at path \"_id\" for model \"Movies\"","stack":"CastError: Cast to ObjectId failed for value \"624dc6f4891aa3418065698732\" (type string) at path \"_id\" for model \"Movies\"\n    at model.Query.exec (D:\\Demo\\vidly-api-node\\node_modules\\mongoose\\lib\\query.js:4498:21)\n    at model.Query.Query.then (D:\\Demo\\vidly-api-node\\node_modules\\mongoose\\lib\\query.js:4592:15)\n    at processTicksAndRejections (node:internal/process/task_queues:96:5)","stringValue":"\"624dc6f4891aa3418065698732\"","kind":"ObjectId","value":"624dc6f4891aa3418065698732","path":"_id","reason":{},"valueType":"string","level":"error","timestamp":"2022-04-06T17:18:09.383Z"}
{"message":"Cast to ObjectId failed for value \"624dc6f4891aa341806569873\" (type string) at path \"_id\" for model \"Movies\"","stack":"CastError: Cast to ObjectId failed for value \"624dc6f4891aa341806569873\" (type string) at path \"_id\" for model \"Movies\"\n    at model.Query.exec (D:\\Demo\\vidly-api-node\\node_modules\\mongoose\\lib\\query.js:4498:21)\n    at model.Query.Query.then (D:\\Demo\\vidly-api-node\\node_modules\\mongoose\\lib\\query.js:4592:15)\n    at processTicksAndRejections (node:internal/process/task_queues:96:5)","stringValue":"\"624dc6f4891aa341806569873\"","kind":"ObjectId","value":"624dc6f4891aa341806569873","path":"_id","reason":{},"valueType":"string","level":"error","timestamp":"2022-04-06T17:18:25.766Z"}
{"message":"Cast to ObjectId failed for value \"624dc6f4891aa3418065sefd\" (type string) at path \"_id\" for model \"Movies\"","stack":"CastError: Cast to ObjectId failed for value \"624dc6f4891aa3418065sefd\" (type string) at path \"_id\" for model \"Movies\"\n    at model.Query.exec (D:\\Demo\\vidly-api-node\\node_modules\\mongoose\\lib\\query.js:4498:21)\n    at model.Query.Query.then (D:\\Demo\\vidly-api-node\\node_modules\\mongoose\\lib\\query.js:4592:15)\n    at processTicksAndRejections (node:internal/process/task_queues:96:5)","stringValue":"\"624dc6f4891aa3418065sefd\"","kind":"ObjectId","value":"624dc6f4891aa3418065sefd","path":"_id","reason":{},"valueType":"string","level":"error","timestamp":"2022-04-06T17:27:14.746Z"}
{"message":"Cast to ObjectId failed for value \"624dc6f4891aa3418065sefd\" (type string) at path \"_id\" for model \"Movies\"","stack":"CastError: Cast to ObjectId failed for value \"624dc6f4891aa3418065sefd\" (type string) at path \"_id\" for model \"Movies\"\n    at model.Query.exec (D:\\Demo\\vidly-api-node\\node_modules\\mongoose\\lib\\query.js:4498:21)\n    at model.Query.Query.then (D:\\Demo\\vidly-api-node\\node_modules\\mongoose\\lib\\query.js:4592:15)\n    at processTicksAndRejections (node:internal/process/task_queues:96:5)","stringValue":"\"624dc6f4891aa3418065sefd\"","kind":"ObjectId","value":"624dc6f4891aa3418065sefd","path":"_id","reason":{},"valueType":"string","level":"error","timestamp":"2022-04-06T17:29:05.943Z"}
{"message":"Cast to ObjectId failed for value \"624dc6f4891aa3418065sefd\" (type string) at path \"_id\" for model \"Movies\"","stack":"CastError: Cast to ObjectId failed for value \"624dc6f4891aa3418065sefd\" (type string) at path \"_id\" for model \"Movies\"\n    at model.Query.exec (D:\\Demo\\vidly-api-node\\node_modules\\mongoose\\lib\\query.js:4498:21)\n    at model.Query.Query.then (D:\\Demo\\vidly-api-node\\node_modules\\mongoose\\lib\\query.js:4592:15)\n    at processTicksAndRejections (node:internal/process/task_queues:96:5)","stringValue":"\"624dc6f4891aa3418065sefd\"","kind":"ObjectId","value":"624dc6f4891aa3418065sefd","path":"_id","reason":{},"valueType":"string","level":"error","timestamp":"2022-04-06T17:30:44.950Z"}
{"message":"Cast to ObjectId failed for value \"624dc6f4891aa3418065sefd\" (type string) at path \"_id\" for model \"Movies\"","stack":"CastError: Cast to ObjectId failed for value \"624dc6f4891aa3418065sefd\" (type string) at path \"_id\" for model \"Movies\"\n    at model.Query.exec (D:\\Demo\\vidly-api-node\\node_modules\\mongoose\\lib\\query.js:4498:21)\n    at model.Query.Query.then (D:\\Demo\\vidly-api-node\\node_modules\\mongoose\\lib\\query.js:4592:15)\n    at processTicksAndRejections (node:internal/process/task_queues:96:5)","stringValue":"\"624dc6f4891aa3418065sefd\"","kind":"ObjectId","value":"624dc6f4891aa3418065sefd","path":"_id","reason":{},"valueType":"string","level":"error","timestamp":"2022-04-06T17:34:02.948Z"}
{"message":"Cast to ObjectId failed for value \"624dc6f4891aa3418065sefd\" (type string) at path \"_id\" for model \"Movies\"","stack":"CastError: Cast to ObjectId failed for value \"624dc6f4891aa3418065sefd\" (type string) at path \"_id\" for model \"Movies\"\n    at model.Query.exec (D:\\Demo\\vidly-api-node\\node_modules\\mongoose\\lib\\query.js:4498:21)\n    at model.Query.Query.then (D:\\Demo\\vidly-api-node\\node_modules\\mongoose\\lib\\query.js:4592:15)\n    at runMicrotasks (<anonymous>)\n    at processTicksAndRejections (node:internal/process/task_queues:96:5)","stringValue":"\"624dc6f4891aa3418065sefd\"","kind":"ObjectId","value":"624dc6f4891aa3418065sefd","path":"_id","reason":{},"valueType":"string","level":"error","timestamp":"2022-04-06T17:41:34.946Z"}
{"message":"Cast to ObjectId failed for value \"624dc6f4891aa3418065sefd\" (type string) at path \"_id\" for model \"Movies\"","stack":"CastError: Cast to ObjectId failed for value \"624dc6f4891aa3418065sefd\" (type string) at path \"_id\" for model \"Movies\"\n    at model.Query.exec (D:\\Demo\\vidly-api-node\\node_modules\\mongoose\\lib\\query.js:4498:21)\n    at model.Query.Query.then (D:\\Demo\\vidly-api-node\\node_modules\\mongoose\\lib\\query.js:4592:15)\n    at runMicrotasks (<anonymous>)\n    at processTicksAndRejections (node:internal/process/task_queues:96:5)","stringValue":"\"624dc6f4891aa3418065sefd\"","kind":"ObjectId","value":"624dc6f4891aa3418065sefd","path":"_id","reason":{},"valueType":"string","level":"error","timestamp":"2022-04-06T17:42:27.956Z"}
{"message":"Cast to ObjectId failed for value \"624dc6f4891aa3418065sefd\" (type string) at path \"_id\" for model \"Movies\"","stack":"CastError: Cast to ObjectId failed for value \"624dc6f4891aa3418065sefd\" (type string) at path \"_id\" for model \"Movies\"\n    at model.Query.exec (D:\\Demo\\vidly-api-node\\node_modules\\mongoose\\lib\\query.js:4498:21)\n    at model.Query.Query.then (D:\\Demo\\vidly-api-node\\node_modules\\mongoose\\lib\\query.js:4592:15)\n    at runMicrotasks (<anonymous>)\n    at processTicksAndRejections (node:internal/process/task_queues:96:5)","stringValue":"\"624dc6f4891aa3418065sefd\"","kind":"ObjectId","value":"624dc6f4891aa3418065sefd","path":"_id","reason":{},"valueType":"string","level":"error","timestamp":"2022-04-06T17:46:49.345Z"}
{"level":"info","message":"Listening on port 3000...","timestamp":"2022-04-08T06:22:56.246Z"}
{"level":"info","message":"Connected to mongodb://localhost/vidly...","timestamp":"2022-04-08T06:22:56.279Z"}
{"level":"info","message":"Listening on port 3000...","timestamp":"2022-04-08T15:54:58.187Z"}
{"level":"info","message":"Connected to mongodb://localhost/vidly...","timestamp":"2022-04-08T15:54:58.257Z"}
{"level":"info","message":"Listening on port 3000...","timestamp":"2022-04-11T12:44:42.093Z"}
{"level":"info","message":"Connected to mongodb://localhost/vidly...","timestamp":"2022-04-11T12:44:42.174Z"}
{"level":"info","message":"Listening on port 3000...","timestamp":"2022-04-13T04:26:54.042Z"}
{"level":"info","message":"Connected to mongodb://localhost/vidly...","timestamp":"2022-04-13T04:26:54.129Z"}
{"level":"info","message":"Listening on port 3000...","timestamp":"2022-04-13T05:25:21.676Z"}
{"level":"info","message":"Connected to mongodb://localhost/vidly...","timestamp":"2022-04-13T05:25:21.705Z"}
{"level":"info","message":"Listening on port 3000...","timestamp":"2022-04-17T11:15:09.602Z"}
{"level":"info","message":"Connected to mongodb://localhost/vidly...","timestamp":"2022-04-17T11:15:09.692Z"}
{"level":"info","message":"Listening on port 3000...","timestamp":"2022-04-23T06:20:37.190Z"}
{"level":"info","message":"Connected to mongodb://localhost/vidly...","timestamp":"2022-04-23T06:20:37.241Z"}
{"level":"info","message":"Listening on port 3000...","timestamp":"2022-04-23T06:49:19.313Z"}
{"level":"info","message":"Connected to mongodb://localhost/vidly...","timestamp":"2022-04-23T06:49:19.331Z"}
{"level":"info","message":"Listening on port 3000...","timestamp":"2022-06-08T10:08:07.721Z"}
{"level":"info","message":"Connected to mongodb://localhost/vidly...","timestamp":"2022-06-08T10:08:08.702Z"}
{"level":"info","message":"Listening on port 3000...","timestamp":"2022-06-08T10:10:55.408Z"}
{"level":"info","message":"Connected to mongodb://localhost/vidly...","timestamp":"2022-06-08T10:10:55.440Z"}
{"level":"info","message":"Listening on port 3000...","timestamp":"2022-07-19T09:15:47.573Z"}
{"level":"info","message":"Connected to mongodb://localhost/vidly...","timestamp":"2022-07-19T09:15:47.621Z"}
{"level":"info","message":"Listening on port 3000...","timestamp":"2022-07-19T09:53:43.296Z"}
{"level":"info","message":"Listening on port 3000...","timestamp":"2022-07-19T12:25:23.672Z"}
{"level":"info","message":"Connected to mongodb://localhost/vidly...","timestamp":"2022-07-19T12:25:23.712Z"}
{"level":"info","message":"Listening on port 4000...","timestamp":"2022-07-19T13:05:50.458Z"}
{"level":"info","message":"Connected to mongodb://localhost/vidly...","timestamp":"2022-07-19T13:05:50.493Z"}
{"level":"info","message":"Listening on port 4000...","timestamp":"2022-07-19T13:14:44.615Z"}
{"level":"info","message":"Connected to mongodb://localhost/vidly...","timestamp":"2022-07-19T13:14:44.646Z"}
{"level":"info","message":"Listening on port 4000...","timestamp":"2022-07-19T13:14:48.747Z"}
{"level":"info","message":"Connected to mongodb://localhost/vidly...","timestamp":"2022-07-19T13:14:48.775Z"}
{"level":"info","message":"Listening on port 4000...","timestamp":"2022-07-19T13:15:08.583Z"}
{"level":"info","message":"Connected to mongodb://localhost/vidly...","timestamp":"2022-07-19T13:15:08.616Z"}
{"level":"info","message":"Listening on port 4000...","timestamp":"2022-07-19T13:27:32.877Z"}
{"level":"info","message":"Connected to mongodb://localhost/vidly...","timestamp":"2022-07-19T13:27:33.020Z"}
{"level":"info","message":"Listening on port 4000...","timestamp":"2022-07-19T13:29:58.234Z"}
{"level":"info","message":"Connected to mongodb://localhost/vidly...","timestamp":"2022-07-19T13:29:58.260Z"}
{"level":"info","message":"Listening on port 4000...","timestamp":"2022-07-19T13:33:27.690Z"}
{"level":"info","message":"Connected to mongodb://localhost/vidly...","timestamp":"2022-07-19T13:33:27.717Z"}
{"level":"info","message":"Listening on port 4000...","timestamp":"2022-07-19T17:07:11.928Z"}
{"level":"info","message":"Connected to mongodb://localhost/vidly...","timestamp":"2022-07-19T17:07:11.962Z"}
{"level":"info","message":"Listening on port 4000...","timestamp":"2022-07-19T17:10:05.257Z"}
{"level":"info","message":"Connected to mongodb://localhost/vidly...","timestamp":"2022-07-19T17:10:05.296Z"}
{"level":"info","message":"Listening on port 4000...","timestamp":"2022-07-19T17:10:49.772Z"}
{"level":"info","message":"Connected to mongodb://localhost/vidly...","timestamp":"2022-07-19T17:10:49.801Z"}
{"level":"info","message":"Listening on port 4000...","timestamp":"2022-07-19T17:11:44.235Z"}
{"level":"info","message":"Connected to mongodb://localhost/vidly...","timestamp":"2022-07-19T17:11:44.265Z"}
{"level":"info","message":"Listening on port 4000...","timestamp":"2022-07-19T17:12:58.025Z"}
{"level":"info","message":"Connected to mongodb://localhost/vidly...","timestamp":"2022-07-19T17:12:58.056Z"}
{"level":"info","message":"Listening on port 4000...","timestamp":"2022-07-19T17:35:15.109Z"}
{"level":"info","message":"Connected to mongodb://localhost/vidly...","timestamp":"2022-07-19T17:35:15.136Z"}
{"level":"info","message":"Listening on port 4000...","timestamp":"2022-07-19T18:09:55.294Z"}
{"level":"info","message":"Connected to mongodb://localhost/vidly...","timestamp":"2022-07-19T18:09:55.327Z"}
{"level":"info","message":"Listening on port 4000...","timestamp":"2022-07-19T18:11:22.063Z"}
{"level":"info","message":"Connected to mongodb://localhost/vidly...","timestamp":"2022-07-19T18:11:22.087Z"}
{"level":"info","message":"Listening on port 4000...","timestamp":"2022-07-19T18:13:18.924Z"}
{"level":"info","message":"Connected to mongodb://localhost/vidly...","timestamp":"2022-07-19T18:13:18.953Z"}
{"level":"info","message":"Listening on port 4000...","timestamp":"2022-07-19T18:13:38.384Z"}
{"level":"info","message":"Connected to mongodb://localhost/vidly...","timestamp":"2022-07-19T18:13:38.411Z"}
{"level":"info","message":"Listening on port 4000...","timestamp":"2022-07-19T18:21:41.536Z"}
{"level":"info","message":"Connected to mongodb://localhost/vidly...","timestamp":"2022-07-19T18:21:41.563Z"}
{"level":"info","message":"Listening on port 4000...","timestamp":"2022-07-19T18:23:10.894Z"}
{"level":"info","message":"Connected to mongodb://localhost/vidly...","timestamp":"2022-07-19T18:23:10.920Z"}
{"level":"info","message":"Listening on port 4000...","timestamp":"2022-07-19T18:24:03.776Z"}
{"level":"info","message":"Connected to mongodb://localhost/vidly...","timestamp":"2022-07-19T18:24:03.802Z"}
{"level":"info","message":"Listening on port 4000...","timestamp":"2022-07-19T18:24:53.498Z"}
{"level":"info","message":"Connected to mongodb://localhost/vidly...","timestamp":"2022-07-19T18:24:53.523Z"}
{"level":"info","message":"Listening on port 4000...","timestamp":"2022-07-19T18:24:56.971Z"}
{"level":"info","message":"Connected to mongodb://localhost/vidly...","timestamp":"2022-07-19T18:24:56.996Z"}
{"level":"info","message":"Listening on port 4000...","timestamp":"2022-07-19T18:25:25.060Z"}
{"level":"info","message":"Connected to mongodb://localhost/vidly...","timestamp":"2022-07-19T18:25:25.087Z"}
{"level":"info","message":"Listening on port 4000...","timestamp":"2022-07-19T18:25:29.420Z"}
{"level":"info","message":"Connected to mongodb://localhost/vidly...","timestamp":"2022-07-19T18:25:29.455Z"}
{"level":"info","message":"Listening on port 4000...","timestamp":"2022-07-19T18:25:46.114Z"}
{"level":"info","message":"Connected to mongodb://localhost/vidly...","timestamp":"2022-07-19T18:25:46.143Z"}
{"level":"info","message":"Listening on port 4000...","timestamp":"2022-07-19T18:27:25.342Z"}
{"level":"info","message":"Connected to mongodb://localhost/vidly...","timestamp":"2022-07-19T18:27:25.372Z"}
{"level":"info","message":"Listening on port 4000...","timestamp":"2022-07-19T18:30:09.321Z"}
{"level":"info","message":"Connected to mongodb://localhost/vidly...","timestamp":"2022-07-19T18:30:09.353Z"}
{"level":"info","message":"Listening on port 4000...","timestamp":"2022-07-19T18:30:28.733Z"}
{"level":"info","message":"Connected to mongodb://localhost/vidly...","timestamp":"2022-07-19T18:30:28.774Z"}
{"level":"info","message":"Listening on port 4000...","timestamp":"2022-07-19T18:48:25.394Z"}
{"level":"info","message":"Connected to mongodb://localhost/vidly...","timestamp":"2022-07-19T18:48:25.421Z"}
{"level":"info","message":"Listening on port 4000...","timestamp":"2022-07-19T18:48:33.901Z"}
{"level":"info","message":"Connected to mongodb://localhost/vidly...","timestamp":"2022-07-19T18:48:33.927Z"}
{"level":"info","message":"Listening on port 4000...","timestamp":"2022-07-19T18:51:29.293Z"}
{"level":"info","message":"Connected to mongodb://localhost/vidly...","timestamp":"2022-07-19T18:51:29.325Z"}
{"level":"info","message":"Listening on port 4000...","timestamp":"2022-07-19T18:51:32.415Z"}
{"level":"info","message":"Connected to mongodb://localhost/vidly...","timestamp":"2022-07-19T18:51:32.442Z"}
{"level":"info","message":"Listening on port 4000...","timestamp":"2022-07-19T18:51:55.900Z"}
{"level":"info","message":"Connected to mongodb://localhost/vidly...","timestamp":"2022-07-19T18:51:55.938Z"}
{"level":"info","message":"Listening on port 4000...","timestamp":"2022-07-19T18:51:58.642Z"}
{"level":"info","message":"Connected to mongodb://localhost/vidly...","timestamp":"2022-07-19T18:51:58.669Z"}
{"level":"info","message":"Listening on port 4000...","timestamp":"2022-07-19T18:52:24.770Z"}
{"level":"info","message":"Connected to mongodb://localhost/vidly...","timestamp":"2022-07-19T18:52:24.796Z"}
{"level":"info","message":"Listening on port 4000...","timestamp":"2022-07-19T18:53:37.610Z"}
{"level":"info","message":"Listening on port 4000...","timestamp":"2022-07-19T18:53:44.017Z"}
{"level":"info","message":"Connected to mongodb://localhost/vidly...","timestamp":"2022-07-19T18:53:44.042Z"}
{"level":"info","message":"Listening on port 4000...","timestamp":"2022-07-19T18:53:45.207Z"}
{"level":"info","message":"Connected to mongodb://localhost/vidly...","timestamp":"2022-07-19T18:53:45.235Z"}
{"level":"info","message":"Listening on port 4000...","timestamp":"2022-07-19T18:54:16.886Z"}
{"level":"info","message":"Connected to mongodb://localhost/vidly...","timestamp":"2022-07-19T18:54:16.917Z"}
{"level":"info","message":"Listening on port 4000...","timestamp":"2022-07-19T18:59:29.711Z"}
{"level":"info","message":"Connected to mongodb://localhost/vidly...","timestamp":"2022-07-19T18:59:29.745Z"}
{"level":"info","message":"Listening on port 4000...","timestamp":"2022-07-19T18:59:31.486Z"}
{"level":"info","message":"Connected to mongodb://localhost/vidly...","timestamp":"2022-07-19T18:59:31.513Z"}
{"level":"info","message":"Listening on port 4000...","timestamp":"2022-07-19T19:00:35.324Z"}
{"level":"info","message":"Connected to mongodb://localhost/vidly...","timestamp":"2022-07-19T19:00:35.351Z"}
{"level":"info","message":"Listening on port 4000...","timestamp":"2022-07-19T19:00:51.688Z"}
{"level":"info","message":"Connected to mongodb://localhost/vidly...","timestamp":"2022-07-19T19:00:51.715Z"}
{"level":"info","message":"Listening on port 4000...","timestamp":"2022-07-19T19:00:58.605Z"}
{"level":"info","message":"Connected to mongodb://localhost/vidly...","timestamp":"2022-07-19T19:00:58.642Z"}
{"level":"info","message":"Listening on port 4000...","timestamp":"2022-07-19T19:04:53.849Z"}
{"level":"info","message":"Connected to mongodb://localhost/vidly...","timestamp":"2022-07-19T19:04:53.877Z"}
{"level":"info","message":"Listening on port 4000...","timestamp":"2022-07-20T05:55:55.247Z"}
{"level":"info","message":"Connected to mongodb://localhost/vidly...","timestamp":"2022-07-20T05:55:55.301Z"}
{"level":"info","message":"Listening on port 4000...","timestamp":"2022-07-20T05:57:05.858Z"}
{"level":"info","message":"Connected to mongodb://localhost/vidly...","timestamp":"2022-07-20T05:57:05.894Z"}
{"level":"info","message":"Listening on port 4000...","timestamp":"2022-07-20T07:13:01.807Z"}
{"level":"info","message":"Connected to mongodb+srv://bluebeast007:ucc%40Aj0706@ecom.y40no.mongodb.net/vidly...","timestamp":"2022-07-20T07:13:02.659Z"}
{"level":"info","message":"Listening on port 4000...","timestamp":"2022-07-20T07:14:18.399Z"}
{"level":"info","message":"Connected to mongodb+srv://bluebeast007:ucc%40Aj0706@ecom.y40no.mongodb.net/vidly...","timestamp":"2022-07-20T07:14:18.911Z"}
{"level":"info","message":"Listening on port 4000...","timestamp":"2022-07-20T07:15:05.913Z"}
{"level":"info","message":"Connected to mongodb+srv://bluebeast007:ucc%40Aj0706@ecom.y40no.mongodb.net/vidly...","timestamp":"2022-07-20T07:15:06.276Z"}
{"level":"info","message":"Listening on port 4000...","timestamp":"2022-07-20T07:16:39.137Z"}
{"level":"info","message":"Connected to mongodb+srv://bluebeast007:ucc%40Aj0706@ecom.y40no.mongodb.net/vidly...","timestamp":"2022-07-20T07:16:39.846Z"}
